Performing C SOURCE FILE Test CMAKE_HAVE_LIBC_PTHREAD failed with the following output:
Change Dir: /opt/biogears/core/_skbuild/linux-x86_64-3.8/cmake-build/CMakeFiles/CMakeTmp

Run Build Command(s):/usr/bin/ninja cmTC_38212 && [1/2] Building C object CMakeFiles/cmTC_38212.dir/src.c.o
[2/2] Linking C executable cmTC_38212
FAILED: cmTC_38212 
: && /usr/bin/cc -DCMAKE_HAVE_LIBC_PTHREAD   CMakeFiles/cmTC_38212.dir/src.c.o  -o cmTC_38212   && :
/usr/bin/ld: CMakeFiles/cmTC_38212.dir/src.c.o: in function `main':
src.c:(.text+0x46): undefined reference to `pthread_create'
/usr/bin/ld: src.c:(.text+0x52): undefined reference to `pthread_detach'
/usr/bin/ld: src.c:(.text+0x63): undefined reference to `pthread_join'
collect2: error: ld returned 1 exit status
ninja: build stopped: subcommand failed.


Source file was:
#include <pthread.h>

void* test_func(void* data)
{
  return data;
}

int main(void)
{
  pthread_t thread;
  pthread_create(&thread, NULL, test_func, NULL);
  pthread_detach(thread);
  pthread_join(thread, NULL);
  pthread_atfork(NULL, NULL, NULL);
  pthread_exit(NULL);

  return 0;
}

Determining if the function pthread_create exists in the pthreads failed with the following output:
Change Dir: /opt/biogears/core/_skbuild/linux-x86_64-3.8/cmake-build/CMakeFiles/CMakeTmp

Run Build Command(s):/usr/bin/ninja cmTC_380d5 && [1/2] Building C object CMakeFiles/cmTC_380d5.dir/CheckFunctionExists.c.o
[2/2] Linking C executable cmTC_380d5
FAILED: cmTC_380d5 
: && /usr/bin/cc -DCHECK_FUNCTION_EXISTS=pthread_create   CMakeFiles/cmTC_380d5.dir/CheckFunctionExists.c.o  -o cmTC_380d5  -lpthreads && :
/usr/bin/ld: cannot find -lpthreads
collect2: error: ld returned 1 exit status
ninja: build stopped: subcommand failed.



Determining if the arc4random_buf exist failed with the following output:
Change Dir: /opt/biogears/core/_skbuild/linux-x86_64-3.8/cmake-build/CMakeFiles/CMakeTmp

Run Build Command(s):/usr/bin/ninja cmTC_1e8e6 && [1/2] Building C object CMakeFiles/cmTC_1e8e6.dir/CheckSymbolExists.c.o
FAILED: CMakeFiles/cmTC_1e8e6.dir/CheckSymbolExists.c.o 
/usr/bin/cc    -o CMakeFiles/cmTC_1e8e6.dir/CheckSymbolExists.c.o   -c CheckSymbolExists.c
CheckSymbolExists.c: In function ‘main’:
CheckSymbolExists.c:8:19: error: ‘arc4random_buf’ undeclared (first use in this function)
    8 |   return ((int*)(&arc4random_buf))[argc];
      |                   ^~~~~~~~~~~~~~
CheckSymbolExists.c:8:19: note: each undeclared identifier is reported only once for each function it appears in
ninja: build stopped: subcommand failed.


File /opt/biogears/core/_skbuild/linux-x86_64-3.8/cmake-build/CMakeFiles/CMakeTmp/CheckSymbolExists.c:
/* */
#include <stdlib.h>

int main(int argc, char** argv)
{
  (void)argv;
#ifndef arc4random_buf
  return ((int*)(&arc4random_buf))[argc];
#else
  (void)argc;
  return 0;
#endif
}
